<?xml version="1.0" encoding="UTF-8" ?>
<testsuite tests="5" failures="0" name="CocktailServiceTest" time="0.897" errors="0" skipped="0">
  <properties>
[...]
</properties>
  <testcase classname="CocktailServiceTest" name="findAll_isDatabaseUsed" time="0.889"/>
  <testcase classname="CocktailServiceTest" name="getById_isCocktailWasFound" time="0.003"/>
  <testcase classname="CocktailServiceTest" name="findAll_isFindAllWorked" time="0.001"/>
  <testcase classname="CocktailServiceTest" name="getById_isDatabaseUsed" time="0.002"/>
  <testcase classname="CocktailServiceTest" name="delete_isDatabaseUsed" time="0.002"/>
</testsuite>